-------------------------------------------------------------------------------
Test set: com.maksym.AritmeticaTest
-------------------------------------------------------------------------------
Tests run: 2, Failures: 2, Errors: 0, Skipped: 0, Time elapsed: 0.029 s <<< FAILURE! - in com.maksym.AritmeticaTest
testAritmeticaSumar  Time elapsed: 0.02 s  <<< FAILURE!
java.lang.AssertionError: 

Expected: a string containing "Soluci?n: 10"
     but: was "0 para salir
1 Aritm?tica b?sica
2 ?rea pol?gonos regulares.
3 Teorema de Pit?goras
4 Ecuaciones 1? grado
5 Ecuaciones 2? grado
6 Ecuaciones superior al 2? grado
Introduzca una opci?n: 1 Sumar
2 Restar
Que desea: Introduzca dos n?meros: 
Soluci?n: 10
0 para salir
1 Aritm?tica b?sica
2 ?rea pol?gonos regulares.
3 Teorema de Pit?goras
4 Ecuaciones 1? grado
5 Ecuaciones 2? grado
6 Ecuaciones superior al 2? grado
Introduzca una opci?n: "
	at com.maksym.AritmeticaTest.testAritmeticaSumar(AritmeticaTest.java:46)

testAritmeticaRestar  Time elapsed: 0.008 s  <<< FAILURE!
java.lang.AssertionError: 

Expected: a string containing "Soluci?n: 0"
     but: was "0 para salir
1 Aritm?tica b?sica
2 ?rea pol?gonos regulares.
3 Teorema de Pit?goras
4 Ecuaciones 1? grado
5 Ecuaciones 2? grado
6 Ecuaciones superior al 2? grado
Introduzca una opci?n: 1 Sumar
2 Restar
Que desea: Introduzca dos n?meros: 
Soluci?n: 0
0 para salir
1 Aritm?tica b?sica
2 ?rea pol?gonos regulares.
3 Teorema de Pit?goras
4 Ecuaciones 1? grado
5 Ecuaciones 2? grado
6 Ecuaciones superior al 2? grado
Introduzca una opci?n: "
	at com.maksym.AritmeticaTest.testAritmeticaRestar(AritmeticaTest.java:57)

