<?xml version="1.0" encoding="UTF-8"?>
<testsuite xmlns:xsi="http://www.w3.org/2001/XMLSchema-instance" xsi:noNamespaceSchemaLocation="https://maven.apache.org/surefire/maven-surefire-plugin/xsd/surefire-test-report.xsd" name="com.maksym.PoligonosTest" time="0.006" tests="2" errors="1" skipped="0" failures="1">
  <properties>
[...]
</properties>
  <testcase name="testPoligono" classname="com.maksym.PoligonosTest" time="0.001">
    <error type="java.util.NoSuchElementException">java.util.NoSuchElementException
	at com.maksym.PoligonosTest.testPoligono(PoligonosTest.java:57)
</error>
  </testcase>
  <testcase name="testEcuacion1ºgrad" classname="com.maksym.PoligonosTest" time="0">
    <failure message="&#10;Expected: a string containing &quot;La solución es: 6&quot;&#10;     but: was &quot;0 para salir&#10;1 Aritm?tica b?sica&#10;2 ?rea pol?gonos regulares.&#10;3 Teorema de Pit?goras&#10;4 Ecuaciones 1? grado&#10;5 Ecuaciones 2? grado&#10;6 Ecuaciones superior al 2? grado&#10;Introduzca una opci?n: Introduzca el coeficiente grado 1: &#10;Introduzca el termino independiente: &#10;La soluci?n es: 6&#10;0 para salir&#10;1 Aritm?tica b?sica&#10;2 ?rea pol?gonos regulares.&#10;3 Teorema de Pit?goras&#10;4 Ecuaciones 1? grado&#10;5 Ecuaciones 2? grado&#10;6 Ecuaciones superior al 2? grado&#10;Introduzca una opci?n: &quot;" type="java.lang.AssertionError">java.lang.AssertionError: 

Expected: a string containing "La solución es: 6"
     but: was "0 para salir
1 Aritm?tica b?sica
2 ?rea pol?gonos regulares.
3 Teorema de Pit?goras
4 Ecuaciones 1? grado
5 Ecuaciones 2? grado
6 Ecuaciones superior al 2? grado
Introduzca una opci?n: Introduzca el coeficiente grado 1: 
Introduzca el termino independiente: 
La soluci?n es: 6
0 para salir
1 Aritm?tica b?sica
2 ?rea pol?gonos regulares.
3 Teorema de Pit?goras
4 Ecuaciones 1? grado
5 Ecuaciones 2? grado
6 Ecuaciones superior al 2? grado
Introduzca una opci?n: "
	at com.maksym.PoligonosTest.testEcuacion1ºgrad(PoligonosTest.java:47)
</failure>
  </testcase>
</testsuite>